Using pre-set license
Built from '2021.3/evg/staging/82bb020e-b03b1330/draft-0' branch; Version is '2021.3.16f1 (4016570cf34f) revision 4200023'; Using compiler version '192829333'; Build Type 'Release'
OS: 'Windows 10  (10.0.19045) 64bit Core' Language: 'ko' Physical Memory: 16297 MB
BatchMode: 1, IsHumanControllingUs: 0, StartBugReporterOnCrash: 0, Is64bit: 1, IsPro: 1

COMMAND LINE ARGUMENTS:
C:\Program Files\Unity\Hub\Editor\2021.3.16f1\Editor\Unity.exe
-adb2
-batchMode
-noUpm
-name
AssetImportWorker0
-projectPath
C:/project/OfficeGame/OfficeSniff
-logFile
Logs/AssetImportWorker0.log
-srvPort
56799
Successfully changed project path to: C:/project/OfficeGame/OfficeSniff
C:/project/OfficeGame/OfficeSniff
[UnityMemory] Configuration Parameters - Can be set up in boot.config
    "memorysetup-bucket-allocator-granularity=16"
    "memorysetup-bucket-allocator-bucket-count=8"
    "memorysetup-bucket-allocator-block-size=33554432"
    "memorysetup-bucket-allocator-block-count=8"
    "memorysetup-main-allocator-block-size=16777216"
    "memorysetup-thread-allocator-block-size=16777216"
    "memorysetup-gfx-main-allocator-block-size=16777216"
    "memorysetup-gfx-thread-allocator-block-size=16777216"
    "memorysetup-cache-allocator-block-size=4194304"
    "memorysetup-typetree-allocator-block-size=2097152"
    "memorysetup-profiler-bucket-allocator-granularity=16"
    "memorysetup-profiler-bucket-allocator-bucket-count=8"
    "memorysetup-profiler-bucket-allocator-block-size=33554432"
    "memorysetup-profiler-bucket-allocator-block-count=8"
    "memorysetup-profiler-allocator-block-size=16777216"
    "memorysetup-profiler-editor-allocator-block-size=1048576"
    "memorysetup-temp-allocator-size-main=16777216"
    "memorysetup-job-temp-allocator-block-size=2097152"
    "memorysetup-job-temp-allocator-block-size-background=1048576"
    "memorysetup-job-temp-allocator-reduction-small-platforms=262144"
    "memorysetup-temp-allocator-size-background-worker=32768"
    "memorysetup-temp-allocator-size-job-worker=262144"
    "memorysetup-temp-allocator-size-preload-manager=33554432"
    "memorysetup-temp-allocator-size-nav-mesh-worker=65536"
    "memorysetup-temp-allocator-size-audio-worker=65536"
    "memorysetup-temp-allocator-size-cloud-worker=32768"
    "memorysetup-temp-allocator-size-gi-baking-worker=262144"
    "memorysetup-temp-allocator-size-gfx=262144"
Player connection [19620] Host "[IP] 192.168.0.134 [Port] 0 [Flags] 2 [Guid] 2023735373 [EditorId] 2023735373 [Version] 1048832 [Id] WindowsEditor(7,DESKTOP-IBGFKBO) [Debug] 1 [PackageName] WindowsEditor [ProjectName] Editor" joined multi-casting on [225.0.0.222:54997]...

Player connection [19620] Host "[IP] 192.168.0.134 [Port] 0 [Flags] 2 [Guid] 2023735373 [EditorId] 2023735373 [Version] 1048832 [Id] WindowsEditor(7,DESKTOP-IBGFKBO) [Debug] 1 [PackageName] WindowsEditor [ProjectName] Editor" joined alternative multi-casting on [225.0.0.222:34997]...

Refreshing native plugins compatible for Editor in 127.33 ms, found 3 plugins.
Preloading 0 native plugins for Editor in 0.00 ms.
Initialize engine version: 2021.3.16f1 (4016570cf34f)
[Subsystems] Discovering subsystems at path C:/Program Files/Unity/Hub/Editor/2021.3.16f1/Editor/Data/Resources/UnitySubsystems
[Subsystems] Discovering subsystems at path C:/project/OfficeGame/OfficeSniff/Assets
GfxDevice: creating device client; threaded=0; jobified=0
Direct3D:
    Version:  Direct3D 11.0 [level 11.1]
    Renderer: NVIDIA GeForce RTX 3060 (ID=0x2504)
    Vendor:   NVIDIA
    VRAM:     12129 MB
    Driver:   31.0.15.3141
Initialize mono
Mono path[0] = 'C:/Program Files/Unity/Hub/Editor/2021.3.16f1/Editor/Data/Managed'
Mono path[1] = 'C:/Program Files/Unity/Hub/Editor/2021.3.16f1/Editor/Data/MonoBleedingEdge/lib/mono/unityjit-win32'
Mono config path = 'C:/Program Files/Unity/Hub/Editor/2021.3.16f1/Editor/Data/MonoBleedingEdge/etc'
Using monoOptions --debugger-agent=transport=dt_socket,embedding=1,server=y,suspend=n,address=127.0.0.1:56916
Begin MonoManager ReloadAssembly
Registering precompiled unity dll's ...
Register platform support module: C:/Program Files/Unity/Hub/Editor/2021.3.16f1/Editor/Data/PlaybackEngines/AndroidPlayer/UnityEditor.Android.Extensions.dll
Register platform support module: C:/Program Files/Unity/Hub/Editor/2021.3.16f1/Editor/Data/PlaybackEngines/iOSSupport/UnityEditor.iOS.Extensions.dll
Register platform support module: C:/Program Files/Unity/Hub/Editor/2021.3.16f1/Editor/Data/PlaybackEngines/WindowsStandaloneSupport/UnityEditor.WindowsStandalone.Extensions.dll
Registered in 0.008067 seconds.
Native extension for WindowsStandalone target not found
[usbmuxd] Start listen thread
[usbmuxd] Listen thread started
Native extension for iOS target not found
Native extension for Android target not found
Refreshing native plugins compatible for Editor in 140.21 ms, found 3 plugins.
Preloading 0 native plugins for Editor in 0.00 ms.
Mono: successfully reloaded assembly
- Completed reload, in  0.745 seconds
Domain Reload Profiling:
	ReloadAssembly (745ms)
		BeginReloadAssembly (71ms)
			ExecutionOrderSort (0ms)
			DisableScriptedObjects (0ms)
			BackupInstance (0ms)
			ReleaseScriptingObjects (0ms)
			CreateAndSetChildDomain (1ms)
		EndReloadAssembly (560ms)
			LoadAssemblies (70ms)
			RebuildTransferFunctionScriptingTraits (0ms)
			SetupTypeCache (117ms)
			ReleaseScriptCaches (0ms)
			RebuildScriptCaches (33ms)
			SetupLoadedEditorAssemblies (355ms)
				LogAssemblyErrors (0ms)
				InitializePlatformSupportModulesInManaged (68ms)
				SetLoadedEditorAssemblies (0ms)
				RefreshPlugins (140ms)
				BeforeProcessingInitializeOnLoad (1ms)
				ProcessInitializeOnLoadAttributes (99ms)
				ProcessInitializeOnLoadMethodAttributes (45ms)
				AfterProcessingInitializeOnLoad (0ms)
				EditorAssembliesLoaded (0ms)
			ExecutionOrderSort2 (0ms)
			AwakeInstancesAfterBackupRestoration (0ms)
Platform modules already initialized, skipping
Registering precompiled user dll's ...
Registered in 0.006766 seconds.
Begin MonoManager ReloadAssembly
Symbol file LoadedFromMemory doesn't match image C:\project\OfficeGame\OfficeSniff\Library\PackageCache\com.unity.visualscripting@1.7.8\Editor\VisualScripting.Core\Dependencies\YamlDotNet\Unity.VisualScripting.YamlDotNet.dll
Symbol file LoadedFromMemory doesn't match image C:\project\OfficeGame\OfficeSniff\Library\PackageCache\com.unity.visualscripting@1.7.8\Editor\VisualScripting.Core\Dependencies\DotNetZip\Unity.VisualScripting.IonicZip.dll
Native extension for WindowsStandalone target not found
Native extension for iOS target not found
Native extension for Android target not found
Refreshing native plugins compatible for Editor in 144.18 ms, found 3 plugins.
Preloading 0 native plugins for Editor in 0.00 ms.
Mono: successfully reloaded assembly
- Completed reload, in  1.678 seconds
Domain Reload Profiling:
	ReloadAssembly (1679ms)
		BeginReloadAssembly (253ms)
			ExecutionOrderSort (0ms)
			DisableScriptedObjects (6ms)
			BackupInstance (0ms)
			ReleaseScriptingObjects (0ms)
			CreateAndSetChildDomain (160ms)
		EndReloadAssembly (1312ms)
			LoadAssemblies (98ms)
			RebuildTransferFunctionScriptingTraits (0ms)
			SetupTypeCache (293ms)
			ReleaseScriptCaches (1ms)
			RebuildScriptCaches (77ms)
			SetupLoadedEditorAssemblies (794ms)
				LogAssemblyErrors (0ms)
				InitializePlatformSupportModulesInManaged (23ms)
				SetLoadedEditorAssemblies (0ms)
				RefreshPlugins (144ms)
				BeforeProcessingInitializeOnLoad (147ms)
				ProcessInitializeOnLoadAttributes (392ms)
				ProcessInitializeOnLoadMethodAttributes (80ms)
				AfterProcessingInitializeOnLoad (6ms)
				EditorAssembliesLoaded (0ms)
			ExecutionOrderSort2 (0ms)
			AwakeInstancesAfterBackupRestoration (5ms)
Platform modules already initialized, skipping
========================================================================
Worker process is ready to serve import requests
Launched and connected shader compiler UnityShaderCompiler.exe after 0.03 seconds
Refreshing native plugins compatible for Editor in 1.10 ms, found 3 plugins.
Preloading 0 native plugins for Editor in 0.00 ms.
Unloading 5844 Unused Serialized files (Serialized files now loaded: 0)
Unloading 43 unused Assets / (0.7 MB). Loaded Objects now: 6313.
Memory consumption went from 246.5 MB to 245.8 MB.
Total: 4.230600 ms (FindLiveObjects: 0.448000 ms CreateObjectMapping: 0.452400 ms MarkObjects: 2.976600 ms  DeleteObjects: 0.353000 ms)

AssetImportParameters requested are different than current active one (requested -> active):
  custom:video-decoder-ogg-theora: a1e56fd34408186e4bbccfd4996cb3dc -> 
  custom:container-muxer-webm: aa71ff27fc2769a1b78a27578f13a17b -> 
  custom:container-demuxer-webm: 4f35f7cbe854078d1ac9338744f61a02 -> 
  custom:video-encoder-webm-vp8: eb34c28f22e8b96e1ab97ce403110664 -> 
  custom:audio-encoder-webm-vorbis: bf7c407c2cedff20999df2af8eb42d56 -> 
  custom:framework-win-MediaFoundation: 216162199b28c13a410421893ffa2e32 -> 
  custom:container-demuxer-ogg: 62fdf1f143b41e24485cea50d1cbac27 -> 
  custom:video-decoder-webm-vp8: 9c59270c3fd7afecdb556c50c9e8de78 -> 
  custom:audio-decoder-ogg-vorbis: bf7c407c2cedff20999df2af8eb42d56 -> 
========================================================================
Received Import Request.
  Time since last request: 937042.635187 seconds.
  path: Assets/Prefabs/Decoration/Machine
  artifactKey: Guid(b72985497a3a1644b805e2b2f466bc49) Importer(815301076,1909f56bfc062723c751e8b465ee728b)
Start importing Assets/Prefabs/Decoration/Machine using Guid(b72985497a3a1644b805e2b2f466bc49) Importer(815301076,1909f56bfc062723c751e8b465ee728b)  -> (artifact id: '319f1c2e116201abf45b4beeda1ede0a') in 0.018077 seconds 
========================================================================
Received Import Request.
  Time since last request: 13.475474 seconds.
  path: Assets/Prefabs/Decoration/Machine/SM_Prop_VendingMachine_01.prefab
  artifactKey: Guid(78bba702a1295974abdd566840403dff) Importer(815301076,1909f56bfc062723c751e8b465ee728b)
Start importing Assets/Prefabs/Decoration/Machine/SM_Prop_VendingMachine_01.prefab using Guid(78bba702a1295974abdd566840403dff) Importer(815301076,1909f56bfc062723c751e8b465ee728b)  -> (artifact id: 'affb2adca0a788926a66ed9435792648') in 0.639820 seconds 
========================================================================
Received Import Request.
  Time since last request: 2.166715 seconds.
  path: Assets/Prefabs/Decoration/Machine/SM_Prop_VendingMachine_01.prefab
  artifactKey: Guid(78bba702a1295974abdd566840403dff) Importer(815301076,1909f56bfc062723c751e8b465ee728b)
Start importing Assets/Prefabs/Decoration/Machine/SM_Prop_VendingMachine_01.prefab using Guid(78bba702a1295974abdd566840403dff) Importer(815301076,1909f56bfc062723c751e8b465ee728b)  -> (artifact id: '6d4e57f473faa4b23fff992c050c53c4') in 0.156344 seconds 
========================================================================
Received Import Request.
  Time since last request: 0.237965 seconds.
  path: Assets/Prefabs/Decoration/Machine/SM_Prop_VendingMachine_01.prefab
  artifactKey: Guid(78bba702a1295974abdd566840403dff) Importer(815301076,1909f56bfc062723c751e8b465ee728b)
Start importing Assets/Prefabs/Decoration/Machine/SM_Prop_VendingMachine_01.prefab using Guid(78bba702a1295974abdd566840403dff) Importer(815301076,1909f56bfc062723c751e8b465ee728b)  -> (artifact id: '4191bc7b3c98b0b685714718f56c26df') in 0.156621 seconds 
========================================================================
Received Import Request.
  Time since last request: 2.369551 seconds.
  path: Assets/Prefabs/Decoration/Machine/SM_Prop_VendingMachine_01.prefab
  artifactKey: Guid(78bba702a1295974abdd566840403dff) Importer(815301076,1909f56bfc062723c751e8b465ee728b)
Start importing Assets/Prefabs/Decoration/Machine/SM_Prop_VendingMachine_01.prefab using Guid(78bba702a1295974abdd566840403dff) Importer(815301076,1909f56bfc062723c751e8b465ee728b)  -> (artifact id: '6c5d7eadf597b283659a77c5e9ff36f5') in 0.151690 seconds 
========================================================================
Received Import Request.
  Time since last request: 54.565066 seconds.
  path: Assets/Prefabs/Decoration/Fire/SM_Prop_Fire_Extinguisher_01.prefab
  artifactKey: Guid(7ded4ffaff4f8784ca6fa94f4c5321b2) Importer(815301076,1909f56bfc062723c751e8b465ee728b)
Start importing Assets/Prefabs/Decoration/Fire/SM_Prop_Fire_Extinguisher_01.prefab using Guid(7ded4ffaff4f8784ca6fa94f4c5321b2) Importer(815301076,1909f56bfc062723c751e8b465ee728b)  -> (artifact id: 'f8c4df4c5441a2644df5cf41bf33d0ea') in 0.205125 seconds 
========================================================================
Received Import Request.
  Time since last request: 2.605698 seconds.
  path: Assets/Prefabs/Decoration/Fire/SM_Prop_Fire_Extinguisher_01.prefab
  artifactKey: Guid(7ded4ffaff4f8784ca6fa94f4c5321b2) Importer(815301076,1909f56bfc062723c751e8b465ee728b)
Start importing Assets/Prefabs/Decoration/Fire/SM_Prop_Fire_Extinguisher_01.prefab using Guid(7ded4ffaff4f8784ca6fa94f4c5321b2) Importer(815301076,1909f56bfc062723c751e8b465ee728b)  -> (artifact id: '5b577e4d95d0882d628bcd8e86ba23b9') in 0.146371 seconds 
========================================================================
Received Import Request.
  Time since last request: 0.250275 seconds.
  path: Assets/Prefabs/Decoration/Fire/SM_Prop_Fire_Extinguisher_01.prefab
  artifactKey: Guid(7ded4ffaff4f8784ca6fa94f4c5321b2) Importer(815301076,1909f56bfc062723c751e8b465ee728b)
Start importing Assets/Prefabs/Decoration/Fire/SM_Prop_Fire_Extinguisher_01.prefab using Guid(7ded4ffaff4f8784ca6fa94f4c5321b2) Importer(815301076,1909f56bfc062723c751e8b465ee728b)  -> (artifact id: '8559554a9dd10f45f22a497048bc7ac4') in 0.170206 seconds 
========================================================================
Received Import Request.
  Time since last request: 111.161598 seconds.
  path: Assets/Prefabs/Table/SM_Prop_Table_01.prefab
  artifactKey: Guid(40aa94ef31605354f8cd55407217c90d) Importer(815301076,1909f56bfc062723c751e8b465ee728b)
Start importing Assets/Prefabs/Table/SM_Prop_Table_01.prefab using Guid(40aa94ef31605354f8cd55407217c90d) Importer(815301076,1909f56bfc062723c751e8b465ee728b)  -> (artifact id: 'c3d3c0f7e3f2172a3631907ec48da54e') in 0.213942 seconds 
========================================================================
Received Import Request.
  Time since last request: 2.378570 seconds.
  path: Assets/Prefabs/Table/SM_Prop_Table_01.prefab
  artifactKey: Guid(40aa94ef31605354f8cd55407217c90d) Importer(815301076,1909f56bfc062723c751e8b465ee728b)
Start importing Assets/Prefabs/Table/SM_Prop_Table_01.prefab using Guid(40aa94ef31605354f8cd55407217c90d) Importer(815301076,1909f56bfc062723c751e8b465ee728b)  -> (artifact id: '9c54a3d716eb626d3805ae5c400d9350') in 0.164866 seconds 
========================================================================
Received Import Request.
  Time since last request: 1.642521 seconds.
  path: Assets/Prefabs/Table/SM_Prop_Table_01.prefab
  artifactKey: Guid(40aa94ef31605354f8cd55407217c90d) Importer(815301076,1909f56bfc062723c751e8b465ee728b)
Start importing Assets/Prefabs/Table/SM_Prop_Table_01.prefab using Guid(40aa94ef31605354f8cd55407217c90d) Importer(815301076,1909f56bfc062723c751e8b465ee728b)  -> (artifact id: '71d6025a1ef3959c7f3d86460d56f48b') in 0.152553 seconds 
========================================================================
Received Import Request.
  Time since last request: 123.191891 seconds.
  path: Assets/Prefabs/Book/Basic/SM_Prop_Book_Group_02.prefab
  artifactKey: Guid(4c1faa8288cea924081d957efa89d441) Importer(815301076,1909f56bfc062723c751e8b465ee728b)
Start importing Assets/Prefabs/Book/Basic/SM_Prop_Book_Group_02.prefab using Guid(4c1faa8288cea924081d957efa89d441) Importer(815301076,1909f56bfc062723c751e8b465ee728b)  -> (artifact id: '6ebb21c632cf2a6bc5e9be034201c962') in 0.348909 seconds 
========================================================================
Received Import Request.
  Time since last request: 0.134346 seconds.
  path: Assets/Prefabs/Book/Basic/SM_Prop_Book_Group_03.prefab
  artifactKey: Guid(c372c63d03432a749873035757537b7f) Importer(815301076,1909f56bfc062723c751e8b465ee728b)
Start importing Assets/Prefabs/Book/Basic/SM_Prop_Book_Group_03.prefab using Guid(c372c63d03432a749873035757537b7f) Importer(815301076,1909f56bfc062723c751e8b465ee728b)  -> (artifact id: '9d12cc7947d5948f65afa02c4466b722') in 0.205815 seconds 
========================================================================
Received Import Request.
  Time since last request: 0.234379 seconds.
  path: Assets/Prefabs/Book/Basic/SM_Prop_Book_Group_08.prefab
  artifactKey: Guid(6354b8237cae36247a91bb6a17207b53) Importer(815301076,1909f56bfc062723c751e8b465ee728b)
Start importing Assets/Prefabs/Book/Basic/SM_Prop_Book_Group_08.prefab using Guid(6354b8237cae36247a91bb6a17207b53) Importer(815301076,1909f56bfc062723c751e8b465ee728b)  -> (artifact id: '5606fbc9d1f9edbc28ec099562cbbbe4') in 0.184948 seconds 
========================================================================
Received Import Request.
  Time since last request: 19.460847 seconds.
  path: Assets/Prefabs/Book/SM_Prop_Book_Phone_Open_01.prefab
  artifactKey: Guid(2773139b76756a14fa263a53a90d85ff) Importer(815301076,1909f56bfc062723c751e8b465ee728b)
Start importing Assets/Prefabs/Book/SM_Prop_Book_Phone_Open_01.prefab using Guid(2773139b76756a14fa263a53a90d85ff) Importer(815301076,1909f56bfc062723c751e8b465ee728b)  -> (artifact id: '150c742098afde53b610f8a1234fe5ea') in 0.162463 seconds 
========================================================================
Received Import Request.
  Time since last request: 5.052336 seconds.
  path: Assets/Prefabs/Book/SM_Prop_Book_Phone_Open_01.prefab
  artifactKey: Guid(2773139b76756a14fa263a53a90d85ff) Importer(815301076,1909f56bfc062723c751e8b465ee728b)
Start importing Assets/Prefabs/Book/SM_Prop_Book_Phone_Open_01.prefab using Guid(2773139b76756a14fa263a53a90d85ff) Importer(815301076,1909f56bfc062723c751e8b465ee728b)  -> (artifact id: 'c51dab22755b7090aead01623bc8ffec') in 0.132198 seconds 
========================================================================
Received Import Request.
  Time since last request: 0.266687 seconds.
  path: Assets/Prefabs/Book/SM_Prop_Book_Phone_Open_01.prefab
  artifactKey: Guid(2773139b76756a14fa263a53a90d85ff) Importer(815301076,1909f56bfc062723c751e8b465ee728b)
Start importing Assets/Prefabs/Book/SM_Prop_Book_Phone_Open_01.prefab using Guid(2773139b76756a14fa263a53a90d85ff) Importer(815301076,1909f56bfc062723c751e8b465ee728b)  -> (artifact id: 'bee2175ea3e2030f8a0024ad6239aae8') in 0.127727 seconds 
========================================================================
Received Prepare
Registering precompiled user dll's ...
Registered in 0.006272 seconds.
Begin MonoManager ReloadAssembly
Symbol file LoadedFromMemory doesn't match image C:\project\OfficeGame\OfficeSniff\Library\PackageCache\com.unity.visualscripting@1.7.8\Editor\VisualScripting.Core\Dependencies\YamlDotNet\Unity.VisualScripting.YamlDotNet.dll
Symbol file LoadedFromMemory doesn't match image C:\project\OfficeGame\OfficeSniff\Library\PackageCache\com.unity.visualscripting@1.7.8\Editor\VisualScripting.Core\Dependencies\DotNetZip\Unity.VisualScripting.IonicZip.dll
Native extension for WindowsStandalone target not found
Native extension for iOS target not found
Native extension for Android target not found
Refreshing native plugins compatible for Editor in 2.15 ms, found 3 plugins.
Preloading 0 native plugins for Editor in 0.00 ms.
Mono: successfully reloaded assembly
- Completed reload, in  1.482 seconds
Domain Reload Profiling:
	ReloadAssembly (1483ms)
		BeginReloadAssembly (153ms)
			ExecutionOrderSort (0ms)
			DisableScriptedObjects (10ms)
			BackupInstance (0ms)
			ReleaseScriptingObjects (0ms)
			CreateAndSetChildDomain (47ms)
		EndReloadAssembly (1227ms)
			LoadAssemblies (102ms)
			RebuildTransferFunctionScriptingTraits (0ms)
			SetupTypeCache (310ms)
			ReleaseScriptCaches (2ms)
			RebuildScriptCaches (55ms)
			SetupLoadedEditorAssemblies (661ms)
				LogAssemblyErrors (0ms)
				InitializePlatformSupportModulesInManaged (36ms)
				SetLoadedEditorAssemblies (1ms)
				RefreshPlugins (2ms)
				BeforeProcessingInitializeOnLoad (112ms)
				ProcessInitializeOnLoadAttributes (370ms)
				ProcessInitializeOnLoadMethodAttributes (132ms)
				AfterProcessingInitializeOnLoad (8ms)
				EditorAssembliesLoaded (0ms)
			ExecutionOrderSort2 (0ms)
			AwakeInstancesAfterBackupRestoration (33ms)
Platform modules already initialized, skipping
Refreshing native plugins compatible for Editor in 3.31 ms, found 3 plugins.
Preloading 0 native plugins for Editor in 0.00 ms.
Unloading 5732 Unused Serialized files (Serialized files now loaded: 0)
Unloading 34 unused Assets / (0.7 MB). Loaded Objects now: 6375.
Memory consumption went from 247.9 MB to 247.2 MB.
Total: 4.416700 ms (FindLiveObjects: 0.475900 ms CreateObjectMapping: 0.422100 ms MarkObjects: 3.207600 ms  DeleteObjects: 0.309900 ms)

AssetImportParameters requested are different than current active one (requested -> active):
  custom:video-decoder-ogg-theora: a1e56fd34408186e4bbccfd4996cb3dc -> 
  custom:container-muxer-webm: aa71ff27fc2769a1b78a27578f13a17b -> 
  custom:container-demuxer-webm: 4f35f7cbe854078d1ac9338744f61a02 -> 
  custom:video-encoder-webm-vp8: eb34c28f22e8b96e1ab97ce403110664 -> 
  custom:audio-encoder-webm-vorbis: bf7c407c2cedff20999df2af8eb42d56 -> 
  custom:framework-win-MediaFoundation: 216162199b28c13a410421893ffa2e32 -> 
  custom:container-demuxer-ogg: 62fdf1f143b41e24485cea50d1cbac27 -> 
  custom:video-decoder-webm-vp8: 9c59270c3fd7afecdb556c50c9e8de78 -> 
  custom:audio-decoder-ogg-vorbis: bf7c407c2cedff20999df2af8eb42d56 -> 
========================================================================
Received Import Request.
  Time since last request: 144.340436 seconds.
  path: Assets/Prefabs/Decoration/Cup/SM_Prop_Cup_Coffee_Disposable_Open_01.prefab
  artifactKey: Guid(b3843d00ec0ee614f93a4b4012b17f64) Importer(815301076,1909f56bfc062723c751e8b465ee728b)
Start importing Assets/Prefabs/Decoration/Cup/SM_Prop_Cup_Coffee_Disposable_Open_01.prefab using Guid(b3843d00ec0ee614f93a4b4012b17f64) Importer(815301076,1909f56bfc062723c751e8b465ee728b)  -> (artifact id: 'd0132380fb628db580b12762502ac269') in 0.568240 seconds 
========================================================================
Received Import Request.
  Time since last request: 4.043056 seconds.
  path: Assets/Prefabs/Decoration/Cup/SM_Prop_Cup_Coffee_Disposable_Open_01.prefab
  artifactKey: Guid(b3843d00ec0ee614f93a4b4012b17f64) Importer(815301076,1909f56bfc062723c751e8b465ee728b)
Start importing Assets/Prefabs/Decoration/Cup/SM_Prop_Cup_Coffee_Disposable_Open_01.prefab using Guid(b3843d00ec0ee614f93a4b4012b17f64) Importer(815301076,1909f56bfc062723c751e8b465ee728b)  -> (artifact id: 'a13c9e5b69d385ea3f8cf63f4cf38f3a') in 0.116863 seconds 
========================================================================
Received Import Request.
  Time since last request: 0.476361 seconds.
  path: Assets/Prefabs/Decoration/Cup/SM_Prop_Cup_Coffee_Disposable_Open_01.prefab
  artifactKey: Guid(b3843d00ec0ee614f93a4b4012b17f64) Importer(815301076,1909f56bfc062723c751e8b465ee728b)
Start importing Assets/Prefabs/Decoration/Cup/SM_Prop_Cup_Coffee_Disposable_Open_01.prefab using Guid(b3843d00ec0ee614f93a4b4012b17f64) Importer(815301076,1909f56bfc062723c751e8b465ee728b)  -> (artifact id: 'e58914d69dcea24432b8906f7ee0ba6e') in 0.205842 seconds 
========================================================================
Received Import Request.
  Time since last request: 65.516551 seconds.
  path: Assets/Prefabs/Decoration/Cup/Tray
  artifactKey: Guid(156ab33ab6b95b841a630572d3c4a66d) Importer(815301076,1909f56bfc062723c751e8b465ee728b)
Start importing Assets/Prefabs/Decoration/Cup/Tray using Guid(156ab33ab6b95b841a630572d3c4a66d) Importer(815301076,1909f56bfc062723c751e8b465ee728b)  -> (artifact id: '80ed35198968024db6fe312f05469948') in 0.005530 seconds 
========================================================================
Received Import Request.
  Time since last request: 93.922221 seconds.
  path: Assets/Prefabs/Decoration/Cup/Tray/SM_Prop_Coffee_Tray_01.prefab
  artifactKey: Guid(d7014535cf88a1a4681efad646ca0041) Importer(815301076,1909f56bfc062723c751e8b465ee728b)
Start importing Assets/Prefabs/Decoration/Cup/Tray/SM_Prop_Coffee_Tray_01.prefab using Guid(d7014535cf88a1a4681efad646ca0041) Importer(815301076,1909f56bfc062723c751e8b465ee728b)  -> (artifact id: 'c956cb281d640ed6f80eb7c5ea4ffc46') in 0.338509 seconds 
========================================================================
Received Import Request.
  Time since last request: 1.457005 seconds.
  path: Assets/Prefabs/Decoration/Cup/Tray/SM_Prop_Coffee_Tray_01.prefab
  artifactKey: Guid(d7014535cf88a1a4681efad646ca0041) Importer(815301076,1909f56bfc062723c751e8b465ee728b)
Start importing Assets/Prefabs/Decoration/Cup/Tray/SM_Prop_Coffee_Tray_01.prefab using Guid(d7014535cf88a1a4681efad646ca0041) Importer(815301076,1909f56bfc062723c751e8b465ee728b)  -> (artifact id: '5b719e818171270b366dde60b5e9bcde') in 0.131928 seconds 
========================================================================
Received Import Request.
  Time since last request: 0.283679 seconds.
  path: Assets/Prefabs/Decoration/Cup/Tray/SM_Prop_Coffee_Tray_01.prefab
  artifactKey: Guid(d7014535cf88a1a4681efad646ca0041) Importer(815301076,1909f56bfc062723c751e8b465ee728b)
Start importing Assets/Prefabs/Decoration/Cup/Tray/SM_Prop_Coffee_Tray_01.prefab using Guid(d7014535cf88a1a4681efad646ca0041) Importer(815301076,1909f56bfc062723c751e8b465ee728b)  -> (artifact id: '24f9bd779020bba693f3f51bbff416da') in 0.147995 seconds 
========================================================================
Received Import Request.
  Time since last request: 0.270694 seconds.
  path: Assets/Prefabs/Decoration/Cup/Tray/SM_Prop_Coffee_Tray_01.prefab
  artifactKey: Guid(d7014535cf88a1a4681efad646ca0041) Importer(815301076,1909f56bfc062723c751e8b465ee728b)
Start importing Assets/Prefabs/Decoration/Cup/Tray/SM_Prop_Coffee_Tray_01.prefab using Guid(d7014535cf88a1a4681efad646ca0041) Importer(815301076,1909f56bfc062723c751e8b465ee728b)  -> (artifact id: '74203b5ae9d3866f2ff375b29f2a495c') in 0.156024 seconds 
========================================================================
Received Import Request.
  Time since last request: 265.748782 seconds.
  path: Assets/Prefabs/Decoration/WallsDeco/SM_Prop_WallDressing_02.prefab
  artifactKey: Guid(101ce8b4b0d6bd04188e77a108317751) Importer(815301076,1909f56bfc062723c751e8b465ee728b)
Start importing Assets/Prefabs/Decoration/WallsDeco/SM_Prop_WallDressing_02.prefab using Guid(101ce8b4b0d6bd04188e77a108317751) Importer(815301076,1909f56bfc062723c751e8b465ee728b)  -> (artifact id: 'e68ae001275fa05d0ab12e06614de8a7') in 0.366857 seconds 
========================================================================
Received Import Request.
  Time since last request: 0.001179 seconds.
  path: Assets/Prefabs/Decoration/WallsDeco/SM_Prop_WallDressing_03.prefab
  artifactKey: Guid(fc6c7e8052464d145a5e5793ced33037) Importer(815301076,1909f56bfc062723c751e8b465ee728b)
Start importing Assets/Prefabs/Decoration/WallsDeco/SM_Prop_WallDressing_03.prefab using Guid(fc6c7e8052464d145a5e5793ced33037) Importer(815301076,1909f56bfc062723c751e8b465ee728b)  -> (artifact id: '65aef570ce9b30ad09e16c81f94ef750') in 0.165334 seconds 
========================================================================
Received Import Request.
  Time since last request: 0.167656 seconds.
  path: Assets/Prefabs/Decoration/WallsDeco/SM_Prop_WallDressing_04.prefab
  artifactKey: Guid(c609ee259f1f82c49a797a8a2d9c5189) Importer(815301076,1909f56bfc062723c751e8b465ee728b)
Start importing Assets/Prefabs/Decoration/WallsDeco/SM_Prop_WallDressing_04.prefab using Guid(c609ee259f1f82c49a797a8a2d9c5189) Importer(815301076,1909f56bfc062723c751e8b465ee728b)  -> (artifact id: 'c1dbc52723c3c1993a46346324aea971') in 0.209647 seconds 
========================================================================
Received Import Request.
  Time since last request: 65.664813 seconds.
  path: Assets/Prefabs/Decoration/WallsDeco/WallDressing
  artifactKey: Guid(690c5372b63a9df4dacc9e691eec7b22) Importer(815301076,1909f56bfc062723c751e8b465ee728b)
Start importing Assets/Prefabs/Decoration/WallsDeco/WallDressing using Guid(690c5372b63a9df4dacc9e691eec7b22) Importer(815301076,1909f56bfc062723c751e8b465ee728b)  -> (artifact id: '52e654c450ad570c4803c837919e5283') in 0.006108 seconds 
========================================================================
Received Import Request.
  Time since last request: 35.551399 seconds.
  path: Assets/Prefabs/Decoration/WallsDeco/SM_Prop_Streamer_02.prefab
  artifactKey: Guid(124f6d65e7f40bc439365f5d693e651f) Importer(815301076,1909f56bfc062723c751e8b465ee728b)
Start importing Assets/Prefabs/Decoration/WallsDeco/SM_Prop_Streamer_02.prefab using Guid(124f6d65e7f40bc439365f5d693e651f) Importer(815301076,1909f56bfc062723c751e8b465ee728b)  -> (artifact id: 'b751ccd714dcb2968753c384e3d78a09') in 0.128467 seconds 
========================================================================
Received Import Request.
  Time since last request: 2.496005 seconds.
  path: Assets/Prefabs/Decoration/WallsDeco/SM_Prop_Streamer_02.prefab
  artifactKey: Guid(124f6d65e7f40bc439365f5d693e651f) Importer(815301076,1909f56bfc062723c751e8b465ee728b)
Start importing Assets/Prefabs/Decoration/WallsDeco/SM_Prop_Streamer_02.prefab using Guid(124f6d65e7f40bc439365f5d693e651f) Importer(815301076,1909f56bfc062723c751e8b465ee728b)  -> (artifact id: '0ca62aaae747b93f682bd587f6ee3979') in 0.152538 seconds 
========================================================================
Received Import Request.
  Time since last request: 0.242662 seconds.
  path: Assets/Prefabs/Decoration/WallsDeco/SM_Prop_Streamer_02.prefab
  artifactKey: Guid(124f6d65e7f40bc439365f5d693e651f) Importer(815301076,1909f56bfc062723c751e8b465ee728b)
Start importing Assets/Prefabs/Decoration/WallsDeco/SM_Prop_Streamer_02.prefab using Guid(124f6d65e7f40bc439365f5d693e651f) Importer(815301076,1909f56bfc062723c751e8b465ee728b)  -> (artifact id: '325951451bd1e1fc38894026cfd18e13') in 0.136777 seconds 
========================================================================
Received Import Request.
  Time since last request: 116.043877 seconds.
  path: Assets/PolygonOffice/Prefabs/Characters/SM_Chr_Attachment_Nametag_01.prefab
  artifactKey: Guid(87c0afbf10ad5d14295dd0d85cc70407) Importer(815301076,1909f56bfc062723c751e8b465ee728b)
Start importing Assets/PolygonOffice/Prefabs/Characters/SM_Chr_Attachment_Nametag_01.prefab using Guid(87c0afbf10ad5d14295dd0d85cc70407) Importer(815301076,1909f56bfc062723c751e8b465ee728b)  -> (artifact id: '86ee09165a588ea2abdd5169f7d20481') in 0.374930 seconds 
========================================================================
Received Import Request.
  Time since last request: 2.690623 seconds.
  path: Assets/PolygonOffice/Prefabs/Characters/SM_Chr_Boss_Female_01.prefab
  artifactKey: Guid(886e38ce682403743b9b058cb21703f2) Importer(815301076,1909f56bfc062723c751e8b465ee728b)
Start importing Assets/PolygonOffice/Prefabs/Characters/SM_Chr_Boss_Female_01.prefab using Guid(886e38ce682403743b9b058cb21703f2) Importer(815301076,1909f56bfc062723c751e8b465ee728b)  -> (artifact id: 'b5f0b6c3ab71089d6078ccc675644256') in 0.201838 seconds 
========================================================================
Received Import Request.
  Time since last request: 0.043557 seconds.
  path: Assets/PolygonOffice/Prefabs/Characters/SM_Chr_Boss_Male_01.prefab
  artifactKey: Guid(0636a8b0926172c499640f89dacb0a94) Importer(815301076,1909f56bfc062723c751e8b465ee728b)
Start importing Assets/PolygonOffice/Prefabs/Characters/SM_Chr_Boss_Male_01.prefab using Guid(0636a8b0926172c499640f89dacb0a94) Importer(815301076,1909f56bfc062723c751e8b465ee728b)  -> (artifact id: '1b58098c496b58676ab03434f9323631') in 0.213961 seconds 
========================================================================
Received Import Request.
  Time since last request: 0.234295 seconds.
  path: Assets/PolygonOffice/Prefabs/Characters/SM_Chr_Business_Female_02.prefab
  artifactKey: Guid(88f81e1631ea70f458d192631bf8886d) Importer(815301076,1909f56bfc062723c751e8b465ee728b)
Start importing Assets/PolygonOffice/Prefabs/Characters/SM_Chr_Business_Female_02.prefab using Guid(88f81e1631ea70f458d192631bf8886d) Importer(815301076,1909f56bfc062723c751e8b465ee728b)  -> (artifact id: '319956328902f6d5169b7142c54b5768') in 0.129533 seconds 
========================================================================
Received Import Request.
  Time since last request: 0.296035 seconds.
  path: Assets/PolygonOffice/Prefabs/Characters/SM_Chr_Business_Female_04.prefab
  artifactKey: Guid(39959bef43f00bd4296c4c6bf8333a52) Importer(815301076,1909f56bfc062723c751e8b465ee728b)
Start importing Assets/PolygonOffice/Prefabs/Characters/SM_Chr_Business_Female_04.prefab using Guid(39959bef43f00bd4296c4c6bf8333a52) Importer(815301076,1909f56bfc062723c751e8b465ee728b)  -> (artifact id: 'e847cc5a3adc2f933609afc3f8249d9a') in 0.142161 seconds 
========================================================================
Received Import Request.
  Time since last request: 0.277763 seconds.
  path: Assets/PolygonOffice/Prefabs/Characters/SM_Chr_Business_Male_02.prefab
  artifactKey: Guid(3a07a1305adf7464bbd22995e1a94b51) Importer(815301076,1909f56bfc062723c751e8b465ee728b)
Start importing Assets/PolygonOffice/Prefabs/Characters/SM_Chr_Business_Male_02.prefab using Guid(3a07a1305adf7464bbd22995e1a94b51) Importer(815301076,1909f56bfc062723c751e8b465ee728b)  -> (artifact id: 'd81a02e7bda56ba619ac649068eb296b') in 0.157562 seconds 
========================================================================
Received Import Request.
  Time since last request: 0.478989 seconds.
  path: Assets/PolygonOffice/Prefabs/Characters/SM_Chr_Cleaner_Female_01.prefab
  artifactKey: Guid(93e1de5d7ab0d25408e36ac4a41850db) Importer(815301076,1909f56bfc062723c751e8b465ee728b)
Start importing Assets/PolygonOffice/Prefabs/Characters/SM_Chr_Cleaner_Female_01.prefab using Guid(93e1de5d7ab0d25408e36ac4a41850db) Importer(815301076,1909f56bfc062723c751e8b465ee728b)  -> (artifact id: '4bbca0ae385fa1a228d1d85c44a5e9cf') in 0.145007 seconds 
========================================================================
Received Import Request.
  Time since last request: 0.241241 seconds.
  path: Assets/PolygonOffice/Prefabs/Characters/SM_Chr_Developer_Female_01.prefab
  artifactKey: Guid(1a96e91537e0d7f48809b9484dff7f3e) Importer(815301076,1909f56bfc062723c751e8b465ee728b)
Start importing Assets/PolygonOffice/Prefabs/Characters/SM_Chr_Developer_Female_01.prefab using Guid(1a96e91537e0d7f48809b9484dff7f3e) Importer(815301076,1909f56bfc062723c751e8b465ee728b)  -> (artifact id: '004c2e2523055680d09e7c8075de11d4') in 0.189440 seconds 
========================================================================
Received Import Request.
  Time since last request: 0.205759 seconds.
  path: Assets/PolygonOffice/Prefabs/Characters/SM_Chr_Developer_Male_01.prefab
  artifactKey: Guid(32b926586df8d6f49b0136c82d26645f) Importer(815301076,1909f56bfc062723c751e8b465ee728b)
Start importing Assets/PolygonOffice/Prefabs/Characters/SM_Chr_Developer_Male_01.prefab using Guid(32b926586df8d6f49b0136c82d26645f) Importer(815301076,1909f56bfc062723c751e8b465ee728b)  -> (artifact id: '0d1503959485e9266d59f9ad349024de') in 0.157654 seconds 
========================================================================
Received Import Request.
  Time since last request: 0.056012 seconds.
  path: Assets/PolygonOffice/Prefabs/Characters/SM_Chr_Developer_Male_02.prefab
  artifactKey: Guid(08a2f1fda95d8de42ba936230a0610fe) Importer(815301076,1909f56bfc062723c751e8b465ee728b)
Start importing Assets/PolygonOffice/Prefabs/Characters/SM_Chr_Developer_Male_02.prefab using Guid(08a2f1fda95d8de42ba936230a0610fe) Importer(815301076,1909f56bfc062723c751e8b465ee728b)  -> (artifact id: '2c1994501628ea785ba8a2de9916599e') in 0.139012 seconds 
========================================================================
Received Import Request.
  Time since last request: 5.756711 seconds.
  path: Assets/PolygonOffice/Prefabs/Generic/SM_Generic_Grass_Patch_01.prefab
  artifactKey: Guid(3da81b35c12d76a44a2d590564594fe6) Importer(815301076,1909f56bfc062723c751e8b465ee728b)
Start importing Assets/PolygonOffice/Prefabs/Generic/SM_Generic_Grass_Patch_01.prefab using Guid(3da81b35c12d76a44a2d590564594fe6) Importer(815301076,1909f56bfc062723c751e8b465ee728b)  -> (artifact id: '34e4c9a0f5169f8dbc57db6690f5c024') in 0.150740 seconds 
========================================================================
Received Import Request.
  Time since last request: 0.269140 seconds.
  path: Assets/PolygonOffice/Prefabs/Generic/SM_Generic_Cloud_03.prefab
  artifactKey: Guid(45e05e680a9850d4c850609285ee704d) Importer(815301076,1909f56bfc062723c751e8b465ee728b)
Start importing Assets/PolygonOffice/Prefabs/Generic/SM_Generic_Cloud_03.prefab using Guid(45e05e680a9850d4c850609285ee704d) Importer(815301076,1909f56bfc062723c751e8b465ee728b)  -> (artifact id: '6047a4b517c9758065b5c5508784b93c') in 0.155115 seconds 
========================================================================
Received Import Request.
  Time since last request: 0.327756 seconds.
  path: Assets/PolygonOffice/Prefabs/Generic/SM_Generic_Cloud_02.prefab
  artifactKey: Guid(72c4b22e440a40d4d809e3371663218c) Importer(815301076,1909f56bfc062723c751e8b465ee728b)
Start importing Assets/PolygonOffice/Prefabs/Generic/SM_Generic_Cloud_02.prefab using Guid(72c4b22e440a40d4d809e3371663218c) Importer(815301076,1909f56bfc062723c751e8b465ee728b)  -> (artifact id: 'a145bf6e0ec99191380830506097c86f') in 0.156775 seconds 
========================================================================
Received Import Request.
  Time since last request: 0.054814 seconds.
  path: Assets/PolygonOffice/Prefabs/Generic/SM_Generic_Cloud_01.prefab
  artifactKey: Guid(8910963ef826c5048bc8082015201a9c) Importer(815301076,1909f56bfc062723c751e8b465ee728b)
Start importing Assets/PolygonOffice/Prefabs/Generic/SM_Generic_Cloud_01.prefab using Guid(8910963ef826c5048bc8082015201a9c) Importer(815301076,1909f56bfc062723c751e8b465ee728b)  -> (artifact id: 'ea80ac9b3fb7c4a2141e220d10a8f910') in 0.124552 seconds 
========================================================================
Received Import Request.
  Time since last request: 1.080875 seconds.
  path: Assets/PolygonOffice/Prefabs/Generic/SM_Generic_Grass_Patch_02.prefab
  artifactKey: Guid(604695ab4a5265f49a9523e33d849aa7) Importer(815301076,1909f56bfc062723c751e8b465ee728b)
Start importing Assets/PolygonOffice/Prefabs/Generic/SM_Generic_Grass_Patch_02.prefab using Guid(604695ab4a5265f49a9523e33d849aa7) Importer(815301076,1909f56bfc062723c751e8b465ee728b)  -> (artifact id: '04f2bd9c9df7bd6d0a0509cf1f5d6497') in 0.134946 seconds 
========================================================================
Received Import Request.
  Time since last request: 0.051193 seconds.
  path: Assets/PolygonOffice/Prefabs/Generic/SM_Generic_Grass_Patch_03.prefab
  artifactKey: Guid(8a85fd931514e114bbee543120777cc7) Importer(815301076,1909f56bfc062723c751e8b465ee728b)
Start importing Assets/PolygonOffice/Prefabs/Generic/SM_Generic_Grass_Patch_03.prefab using Guid(8a85fd931514e114bbee543120777cc7) Importer(815301076,1909f56bfc062723c751e8b465ee728b)  -> (artifact id: 'd5a81b3cc1dd08b7dff7b947a857927a') in 0.147017 seconds 
========================================================================
Received Import Request.
  Time since last request: 0.061677 seconds.
  path: Assets/PolygonOffice/Prefabs/Generic/SM_Generic_Ground_01.prefab
  artifactKey: Guid(9e94c688d8b63754398a6ff4d7057ccd) Importer(815301076,1909f56bfc062723c751e8b465ee728b)
Start importing Assets/PolygonOffice/Prefabs/Generic/SM_Generic_Ground_01.prefab using Guid(9e94c688d8b63754398a6ff4d7057ccd) Importer(815301076,1909f56bfc062723c751e8b465ee728b)  -> (artifact id: '04f411e6a345af62da992e3dbbf5bcf8') in 0.127651 seconds 
========================================================================
Received Import Request.
  Time since last request: 0.071149 seconds.
  path: Assets/PolygonOffice/Prefabs/Generic/SM_Generic_Ground_02.prefab
  artifactKey: Guid(1b77c0057dcf6a748a49a93871d24a12) Importer(815301076,1909f56bfc062723c751e8b465ee728b)
Start importing Assets/PolygonOffice/Prefabs/Generic/SM_Generic_Ground_02.prefab using Guid(1b77c0057dcf6a748a49a93871d24a12) Importer(815301076,1909f56bfc062723c751e8b465ee728b)  -> (artifact id: '0104883b111e149a892491aec53d41aa') in 0.206198 seconds 
========================================================================
Received Import Request.
  Time since last request: 0.003387 seconds.
  path: Assets/PolygonOffice/Prefabs/Generic/SM_Generic_Small_Rocks_01.prefab
  artifactKey: Guid(1941338505201ed4b86d0fc32a45bdcc) Importer(815301076,1909f56bfc062723c751e8b465ee728b)
Start importing Assets/PolygonOffice/Prefabs/Generic/SM_Generic_Small_Rocks_01.prefab using Guid(1941338505201ed4b86d0fc32a45bdcc) Importer(815301076,1909f56bfc062723c751e8b465ee728b)  -> (artifact id: '769d6c1d91daa9d7cf0217200bbcf001') in 0.135585 seconds 
========================================================================
Received Import Request.
  Time since last request: 0.063890 seconds.
  path: Assets/PolygonOffice/Prefabs/Generic/SM_Generic_Small_Rocks_02.prefab
  artifactKey: Guid(9189a6e4899a37c4d99168b0d850c676) Importer(815301076,1909f56bfc062723c751e8b465ee728b)
Start importing Assets/PolygonOffice/Prefabs/Generic/SM_Generic_Small_Rocks_02.prefab using Guid(9189a6e4899a37c4d99168b0d850c676) Importer(815301076,1909f56bfc062723c751e8b465ee728b)  -> (artifact id: '4fa6cce1695845aa12618ddeaba27630') in 0.128207 seconds 
========================================================================
Received Import Request.
  Time since last request: 0.087092 seconds.
  path: Assets/PolygonOffice/Prefabs/Generic/SM_Generic_Small_Rocks_03.prefab
  artifactKey: Guid(c9ecebfca0b550543bba0d5cbd170582) Importer(815301076,1909f56bfc062723c751e8b465ee728b)
Start importing Assets/PolygonOffice/Prefabs/Generic/SM_Generic_Small_Rocks_03.prefab using Guid(c9ecebfca0b550543bba0d5cbd170582) Importer(815301076,1909f56bfc062723c751e8b465ee728b)  -> (artifact id: '7b47a7f9b6c018c25e94d56b2d1eb588') in 0.125073 seconds 
========================================================================
Received Import Request.
  Time since last request: 0.080052 seconds.
  path: Assets/PolygonOffice/Prefabs/Generic/SM_Generic_Small_Rocks_04.prefab
  artifactKey: Guid(accb28b1ae28d09489e673b594af5715) Importer(815301076,1909f56bfc062723c751e8b465ee728b)
Start importing Assets/PolygonOffice/Prefabs/Generic/SM_Generic_Small_Rocks_04.prefab using Guid(accb28b1ae28d09489e673b594af5715) Importer(815301076,1909f56bfc062723c751e8b465ee728b)  -> (artifact id: 'd2f771785f79aeb5884a0fb58adc3405') in 0.136487 seconds 
========================================================================
Received Import Request.
  Time since last request: 0.366180 seconds.
  path: Assets/PolygonOffice/Prefabs/Generic/SM_Generic_Small_Rocks_05.prefab
  artifactKey: Guid(c244a94e824eb6845b22fffe4201cf17) Importer(815301076,1909f56bfc062723c751e8b465ee728b)
Start importing Assets/PolygonOffice/Prefabs/Generic/SM_Generic_Small_Rocks_05.prefab using Guid(c244a94e824eb6845b22fffe4201cf17) Importer(815301076,1909f56bfc062723c751e8b465ee728b)  -> (artifact id: '936f153c9962ea03154f42bf7bec777f') in 0.142134 seconds 
========================================================================
Received Import Request.
  Time since last request: 0.036174 seconds.
  path: Assets/PolygonOffice/Prefabs/Generic/SM_Generic_TreeDead_01.prefab
  artifactKey: Guid(d2d93f1bbce4b6c4a8cbe3fe3054be36) Importer(815301076,1909f56bfc062723c751e8b465ee728b)
Start importing Assets/PolygonOffice/Prefabs/Generic/SM_Generic_TreeDead_01.prefab using Guid(d2d93f1bbce4b6c4a8cbe3fe3054be36) Importer(815301076,1909f56bfc062723c751e8b465ee728b)  -> (artifact id: '0dd5e6fd7dccfe920e3732ba2824a54d') in 0.161177 seconds 
========================================================================
Received Import Request.
  Time since last request: 0.000027 seconds.
  path: Assets/PolygonOffice/Prefabs/Generic/SM_Generic_TreeStump_01.prefab
  artifactKey: Guid(9dc65a04999729a469653a97f1ec2eb0) Importer(815301076,1909f56bfc062723c751e8b465ee728b)
Start importing Assets/PolygonOffice/Prefabs/Generic/SM_Generic_TreeStump_01.prefab using Guid(9dc65a04999729a469653a97f1ec2eb0) Importer(815301076,1909f56bfc062723c751e8b465ee728b)  -> (artifact id: '322011657244d63d535487e04683d350') in 0.153507 seconds 
========================================================================
Received Import Request.
  Time since last request: 0.746625 seconds.
  path: Assets/PolygonOffice/Prefabs/Generic/SM_Generic_Tree_04.prefab
  artifactKey: Guid(29e11e161bb34c049bd1c06f54c7e364) Importer(815301076,1909f56bfc062723c751e8b465ee728b)
Start importing Assets/PolygonOffice/Prefabs/Generic/SM_Generic_Tree_04.prefab using Guid(29e11e161bb34c049bd1c06f54c7e364) Importer(815301076,1909f56bfc062723c751e8b465ee728b)  -> (artifact id: '33e775519b0df31ddd89f1d0438f61b6') in 0.166030 seconds 
========================================================================
Received Import Request.
  Time since last request: 4.982362 seconds.
  path: Assets/PolygonOffice/Prefabs/Props/Desk Props
  artifactKey: Guid(094c3df6425dc0e4ab59037a63385a50) Importer(815301076,1909f56bfc062723c751e8b465ee728b)
Start importing Assets/PolygonOffice/Prefabs/Props/Desk Props using Guid(094c3df6425dc0e4ab59037a63385a50) Importer(815301076,1909f56bfc062723c751e8b465ee728b)  -> (artifact id: '5d77b374a74a357be0997b0530a12015') in 0.005552 seconds 
========================================================================
Received Import Request.
  Time since last request: 126.742845 seconds.
  path: Assets/Prefabs/Walls/FeatureWall
  artifactKey: Guid(bad49c70a62bc1c40a27568bafa367e6) Importer(815301076,1909f56bfc062723c751e8b465ee728b)
Start importing Assets/Prefabs/Walls/FeatureWall using Guid(bad49c70a62bc1c40a27568bafa367e6) Importer(815301076,1909f56bfc062723c751e8b465ee728b)  -> (artifact id: '8063f47a1c5ba3cbab1ba2276d58e2f2') in 0.005564 seconds 
========================================================================
Received Import Request.
  Time since last request: 8.068411 seconds.
  path: Assets/Prefabs/Walls/FeatureWall/SM_Bld_FeatureWall_Square_01.prefab
  artifactKey: Guid(73c9e5d9ea73a2c4498440a9f6889b99) Importer(815301076,1909f56bfc062723c751e8b465ee728b)
Start importing Assets/Prefabs/Walls/FeatureWall/SM_Bld_FeatureWall_Square_01.prefab using Guid(73c9e5d9ea73a2c4498440a9f6889b99) Importer(815301076,1909f56bfc062723c751e8b465ee728b)  -> (artifact id: 'ee7a6645832bf11e4183568be7c1d695') in 0.310441 seconds 
========================================================================
Received Import Request.
  Time since last request: 2.916269 seconds.
  path: Assets/Prefabs/Walls/FeatureWall/SM_Bld_FeatureWall_Square_01.prefab
  artifactKey: Guid(73c9e5d9ea73a2c4498440a9f6889b99) Importer(815301076,1909f56bfc062723c751e8b465ee728b)
Start importing Assets/Prefabs/Walls/FeatureWall/SM_Bld_FeatureWall_Square_01.prefab using Guid(73c9e5d9ea73a2c4498440a9f6889b99) Importer(815301076,1909f56bfc062723c751e8b465ee728b)  -> (artifact id: '69f730d5f7014b619024a228c1dbeba4') in 0.158256 seconds 
========================================================================
Received Import Request.
  Time since last request: 0.261285 seconds.
  path: Assets/Prefabs/Walls/FeatureWall/SM_Bld_FeatureWall_Square_01.prefab
  artifactKey: Guid(73c9e5d9ea73a2c4498440a9f6889b99) Importer(815301076,1909f56bfc062723c751e8b465ee728b)
Start importing Assets/Prefabs/Walls/FeatureWall/SM_Bld_FeatureWall_Square_01.prefab using Guid(73c9e5d9ea73a2c4498440a9f6889b99) Importer(815301076,1909f56bfc062723c751e8b465ee728b)  -> (artifact id: 'dabe8a6f5181555e708313bd3297a835') in 0.158934 seconds 
========================================================================
Received Import Request.
  Time since last request: 0.256465 seconds.
  path: Assets/Prefabs/Walls/FeatureWall/SM_Bld_FeatureWall_Square_01.prefab
  artifactKey: Guid(73c9e5d9ea73a2c4498440a9f6889b99) Importer(815301076,1909f56bfc062723c751e8b465ee728b)
Start importing Assets/Prefabs/Walls/FeatureWall/SM_Bld_FeatureWall_Square_01.prefab using Guid(73c9e5d9ea73a2c4498440a9f6889b99) Importer(815301076,1909f56bfc062723c751e8b465ee728b)  -> (artifact id: 'b510dceed8758bcf3822c9d0f9867bfd') in 0.133788 seconds 
========================================================================
Received Import Request.
  Time since last request: 22.002765 seconds.
  path: Assets/Prefabs/Props
  artifactKey: Guid(e5d7496bbc858984b9030e53cf8a1dad) Importer(815301076,1909f56bfc062723c751e8b465ee728b)
Start importing Assets/Prefabs/Props using Guid(e5d7496bbc858984b9030e53cf8a1dad) Importer(815301076,1909f56bfc062723c751e8b465ee728b)  -> (artifact id: '7a38176aac9fb8af6aa7680f4d75218e') in 0.005333 seconds 
========================================================================
Received Prepare
Registering precompiled user dll's ...
Registered in 0.005774 seconds.
Begin MonoManager ReloadAssembly
Symbol file LoadedFromMemory doesn't match image C:\project\OfficeGame\OfficeSniff\Library\PackageCache\com.unity.visualscripting@1.7.8\Editor\VisualScripting.Core\Dependencies\YamlDotNet\Unity.VisualScripting.YamlDotNet.dll
Symbol file LoadedFromMemory doesn't match image C:\project\OfficeGame\OfficeSniff\Library\PackageCache\com.unity.visualscripting@1.7.8\Editor\VisualScripting.Core\Dependencies\DotNetZip\Unity.VisualScripting.IonicZip.dll
Native extension for WindowsStandalone target not found
Native extension for iOS target not found
Native extension for Android target not found
Refreshing native plugins compatible for Editor in 1.48 ms, found 3 plugins.
Preloading 0 native plugins for Editor in 0.00 ms.
Mono: successfully reloaded assembly
- Completed reload, in  1.475 seconds
Domain Reload Profiling:
	ReloadAssembly (1476ms)
		BeginReloadAssembly (157ms)
			ExecutionOrderSort (0ms)
			DisableScriptedObjects (11ms)
			BackupInstance (0ms)
			ReleaseScriptingObjects (0ms)
			CreateAndSetChildDomain (52ms)
		EndReloadAssembly (1216ms)
			LoadAssemblies (90ms)
			RebuildTransferFunctionScriptingTraits (0ms)
			SetupTypeCache (327ms)
			ReleaseScriptCaches (2ms)
			RebuildScriptCaches (54ms)
			SetupLoadedEditorAssemblies (630ms)
				LogAssemblyErrors (0ms)
				InitializePlatformSupportModulesInManaged (37ms)
				SetLoadedEditorAssemblies (1ms)
				RefreshPlugins (2ms)
				BeforeProcessingInitializeOnLoad (124ms)
				ProcessInitializeOnLoadAttributes (362ms)
				ProcessInitializeOnLoadMethodAttributes (98ms)
				AfterProcessingInitializeOnLoad (7ms)
				EditorAssembliesLoaded (0ms)
			ExecutionOrderSort2 (0ms)
			AwakeInstancesAfterBackupRestoration (29ms)
Platform modules already initialized, skipping
Refreshing native plugins compatible for Editor in 2.60 ms, found 3 plugins.
Preloading 0 native plugins for Editor in 0.00 ms.
Unloading 5732 Unused Serialized files (Serialized files now loaded: 0)
Unloading 34 unused Assets / (0.7 MB). Loaded Objects now: 6420.
Memory consumption went from 260.7 MB to 260.0 MB.
Total: 4.095400 ms (FindLiveObjects: 0.456800 ms CreateObjectMapping: 0.403300 ms MarkObjects: 2.913500 ms  DeleteObjects: 0.320800 ms)

AssetImportParameters requested are different than current active one (requested -> active):
  custom:video-decoder-ogg-theora: a1e56fd34408186e4bbccfd4996cb3dc -> 
  custom:container-muxer-webm: aa71ff27fc2769a1b78a27578f13a17b -> 
  custom:container-demuxer-webm: 4f35f7cbe854078d1ac9338744f61a02 -> 
  custom:video-encoder-webm-vp8: eb34c28f22e8b96e1ab97ce403110664 -> 
  custom:audio-encoder-webm-vorbis: bf7c407c2cedff20999df2af8eb42d56 -> 
  custom:framework-win-MediaFoundation: 216162199b28c13a410421893ffa2e32 -> 
  custom:container-demuxer-ogg: 62fdf1f143b41e24485cea50d1cbac27 -> 
  custom:video-decoder-webm-vp8: 9c59270c3fd7afecdb556c50c9e8de78 -> 
  custom:audio-decoder-ogg-vorbis: bf7c407c2cedff20999df2af8eb42d56 -> 
========================================================================
Received Import Request.
  Time since last request: 162.079434 seconds.
  path: Assets/Prefabs/Buildings
  artifactKey: Guid(d98bcae291b28b9448212c7f5a06b113) Importer(815301076,1909f56bfc062723c751e8b465ee728b)
Start importing Assets/Prefabs/Buildings using Guid(d98bcae291b28b9448212c7f5a06b113) Importer(815301076,1909f56bfc062723c751e8b465ee728b)  -> (artifact id: 'eca4e9c9d2b068952523e6dc803d377c') in 0.012480 seconds 
========================================================================
Received Import Request.
  Time since last request: 79.668476 seconds.
  path: Assets/Prefabs/Buildings/Walls/Wall_Window_Blinds
  artifactKey: Guid(8975a4cfab741954090b61fc9a806a3f) Importer(815301076,1909f56bfc062723c751e8b465ee728b)
Start importing Assets/Prefabs/Buildings/Walls/Wall_Window_Blinds using Guid(8975a4cfab741954090b61fc9a806a3f) Importer(815301076,1909f56bfc062723c751e8b465ee728b)  -> (artifact id: '8965e2a95095b6deb11ab048fd7d07e7') in 0.006636 seconds 
========================================================================
Received Import Request.
  Time since last request: 10.619682 seconds.
  path: Assets/Prefabs/Buildings/Walls/Wall_Window_Blinds/SM_Bld_Wall_Window_Blinds_Up_02.prefab
  artifactKey: Guid(24da0d84b3eb0c34cbc590c714108fea) Importer(815301076,1909f56bfc062723c751e8b465ee728b)
Start importing Assets/Prefabs/Buildings/Walls/Wall_Window_Blinds/SM_Bld_Wall_Window_Blinds_Up_02.prefab using Guid(24da0d84b3eb0c34cbc590c714108fea) Importer(815301076,1909f56bfc062723c751e8b465ee728b)  -> (artifact id: 'a470968e598ff6c5394e2738d35ef34a') in 0.493874 seconds 
========================================================================
Received Import Request.
  Time since last request: 1.909094 seconds.
  path: Assets/Prefabs/Buildings/Walls/Wall_Window_Blinds/SM_Bld_Wall_Window_Blinds_Up_02.prefab
  artifactKey: Guid(24da0d84b3eb0c34cbc590c714108fea) Importer(815301076,1909f56bfc062723c751e8b465ee728b)
Start importing Assets/Prefabs/Buildings/Walls/Wall_Window_Blinds/SM_Bld_Wall_Window_Blinds_Up_02.prefab using Guid(24da0d84b3eb0c34cbc590c714108fea) Importer(815301076,1909f56bfc062723c751e8b465ee728b)  -> (artifact id: '6645b0386a6c688d09e14dbaa692d9e8') in 0.218594 seconds 
========================================================================
Received Import Request.
  Time since last request: 0.198197 seconds.
  path: Assets/Prefabs/Buildings/Walls/Wall_Window_Blinds/SM_Bld_Wall_Window_Blinds_Up_02.prefab
  artifactKey: Guid(24da0d84b3eb0c34cbc590c714108fea) Importer(815301076,1909f56bfc062723c751e8b465ee728b)
Start importing Assets/Prefabs/Buildings/Walls/Wall_Window_Blinds/SM_Bld_Wall_Window_Blinds_Up_02.prefab using Guid(24da0d84b3eb0c34cbc590c714108fea) Importer(815301076,1909f56bfc062723c751e8b465ee728b)  -> (artifact id: '9e9afdc58c8747112449ad27494ed6bd') in 0.144588 seconds 
========================================================================
Received Import Request.
  Time since last request: 34.594104 seconds.
  path: Assets/Prefabs/Props/Fire
  artifactKey: Guid(7ab89dc10dbf5a94a94f90a540b18100) Importer(815301076,1909f56bfc062723c751e8b465ee728b)
Start importing Assets/Prefabs/Props/Fire using Guid(7ab89dc10dbf5a94a94f90a540b18100) Importer(815301076,1909f56bfc062723c751e8b465ee728b)  -> (artifact id: '1c7927217daefa37974adfa448d09544') in 0.005318 seconds 
========================================================================
Received Import Request.
  Time since last request: 132.318346 seconds.
  path: Assets/Prefabs/Table/SM_Prop_TableTennis_01.prefab
  artifactKey: Guid(04b8540b4bf80104890bc02ecf89ca49) Importer(815301076,1909f56bfc062723c751e8b465ee728b)
Start importing Assets/Prefabs/Table/SM_Prop_TableTennis_01.prefab using Guid(04b8540b4bf80104890bc02ecf89ca49) Importer(815301076,1909f56bfc062723c751e8b465ee728b)  -> (artifact id: '7a2fe0c9778de859510225d2b7d05c6d') in 0.209857 seconds 
========================================================================
Received Import Request.
  Time since last request: 17.180678 seconds.
  path: Assets/Prefabs/Table/Tennis
  artifactKey: Guid(b33a699dc119d1c4bb4cc5fec7dc6238) Importer(815301076,1909f56bfc062723c751e8b465ee728b)
Start importing Assets/Prefabs/Table/Tennis using Guid(b33a699dc119d1c4bb4cc5fec7dc6238) Importer(815301076,1909f56bfc062723c751e8b465ee728b)  -> (artifact id: '6458daf074f37d7d5a2aaa2557d99410') in 0.005402 seconds 
========================================================================
Received Import Request.
  Time since last request: 28.830634 seconds.
  path: Assets/Prefabs/Props/Cup/SM_Prop_Cup_Red_01.prefab
  artifactKey: Guid(414d9d1f813e1fe4d9eadbac25e16192) Importer(815301076,1909f56bfc062723c751e8b465ee728b)
Start importing Assets/Prefabs/Props/Cup/SM_Prop_Cup_Red_01.prefab using Guid(414d9d1f813e1fe4d9eadbac25e16192) Importer(815301076,1909f56bfc062723c751e8b465ee728b)  -> (artifact id: 'e1f3c49ebdaad4fef81d41ce81738926') in 0.204141 seconds 
========================================================================
Received Import Request.
  Time since last request: 3.394908 seconds.
  path: Assets/Prefabs/Props/Cup/SM_Prop_Cup_Red_01.prefab
  artifactKey: Guid(414d9d1f813e1fe4d9eadbac25e16192) Importer(815301076,1909f56bfc062723c751e8b465ee728b)
Start importing Assets/Prefabs/Props/Cup/SM_Prop_Cup_Red_01.prefab using Guid(414d9d1f813e1fe4d9eadbac25e16192) Importer(815301076,1909f56bfc062723c751e8b465ee728b)  -> (artifact id: '1c6f026255c4b35696890d6245c6ece8') in 0.149919 seconds 
========================================================================
Received Import Request.
  Time since last request: 0.244029 seconds.
  path: Assets/Prefabs/Props/Cup/SM_Prop_Cup_Red_01.prefab
  artifactKey: Guid(414d9d1f813e1fe4d9eadbac25e16192) Importer(815301076,1909f56bfc062723c751e8b465ee728b)
Start importing Assets/Prefabs/Props/Cup/SM_Prop_Cup_Red_01.prefab using Guid(414d9d1f813e1fe4d9eadbac25e16192) Importer(815301076,1909f56bfc062723c751e8b465ee728b)  -> (artifact id: '49819db65c592a8fed291eed7b8890fd') in 0.158010 seconds 
========================================================================
Received Import Request.
  Time since last request: 0.237175 seconds.
  path: Assets/Prefabs/Props/Cup/SM_Prop_Cup_Red_01.prefab
  artifactKey: Guid(414d9d1f813e1fe4d9eadbac25e16192) Importer(815301076,1909f56bfc062723c751e8b465ee728b)
Start importing Assets/Prefabs/Props/Cup/SM_Prop_Cup_Red_01.prefab using Guid(414d9d1f813e1fe4d9eadbac25e16192) Importer(815301076,1909f56bfc062723c751e8b465ee728b)  -> (artifact id: '6a2fd7c9763bc407e48833f03883259e') in 0.120392 seconds 
========================================================================
Received Import Request.
  Time since last request: 188.142280 seconds.
  path: Assets/Prefabs/Props/Rug
  artifactKey: Guid(4012f449c549ed347b1f750fcfce3307) Importer(815301076,1909f56bfc062723c751e8b465ee728b)
Start importing Assets/Prefabs/Props/Rug using Guid(4012f449c549ed347b1f750fcfce3307) Importer(815301076,1909f56bfc062723c751e8b465ee728b)  -> (artifact id: 'd952e91776dd4650d94bd193d3a38c17') in 0.005302 seconds 
========================================================================
Received Import Request.
  Time since last request: 11.091913 seconds.
  path: Assets/Prefabs/Props/Rug/SM_Prop_Rug_02.prefab
  artifactKey: Guid(a8211ff02e023e74fb0e62d4237b6170) Importer(815301076,1909f56bfc062723c751e8b465ee728b)
Start importing Assets/Prefabs/Props/Rug/SM_Prop_Rug_02.prefab using Guid(a8211ff02e023e74fb0e62d4237b6170) Importer(815301076,1909f56bfc062723c751e8b465ee728b)  -> (artifact id: 'a9b62adb2c04001cd2abf0856d6142c6') in 0.106534 seconds 
========================================================================
Received Import Request.
  Time since last request: 2.099889 seconds.
  path: Assets/Prefabs/Props/Rug/SM_Prop_Rug_02.prefab
  artifactKey: Guid(a8211ff02e023e74fb0e62d4237b6170) Importer(815301076,1909f56bfc062723c751e8b465ee728b)
Start importing Assets/Prefabs/Props/Rug/SM_Prop_Rug_02.prefab using Guid(a8211ff02e023e74fb0e62d4237b6170) Importer(815301076,1909f56bfc062723c751e8b465ee728b)  -> (artifact id: '17a28c0ec23caae9e13afb82f10930a8') in 0.104502 seconds 
========================================================================
Received Import Request.
  Time since last request: 0.890174 seconds.
  path: Assets/Prefabs/Props/Rug/SM_Prop_Rug_02.prefab
  artifactKey: Guid(a8211ff02e023e74fb0e62d4237b6170) Importer(815301076,1909f56bfc062723c751e8b465ee728b)
Start importing Assets/Prefabs/Props/Rug/SM_Prop_Rug_02.prefab using Guid(a8211ff02e023e74fb0e62d4237b6170) Importer(815301076,1909f56bfc062723c751e8b465ee728b)  -> (artifact id: 'a0c5a1b0e7bde240528bcb68a80daa02') in 0.087501 seconds 
========================================================================
Received Import Request.
  Time since last request: 1.317223 seconds.
  path: Assets/Prefabs/Props/Rug/SM_Prop_Rug_02.prefab
  artifactKey: Guid(a8211ff02e023e74fb0e62d4237b6170) Importer(815301076,1909f56bfc062723c751e8b465ee728b)
Start importing Assets/Prefabs/Props/Rug/SM_Prop_Rug_02.prefab using Guid(a8211ff02e023e74fb0e62d4237b6170) Importer(815301076,1909f56bfc062723c751e8b465ee728b)  -> (artifact id: 'b4b2be97929c8251c19fda7617c7e6a2') in 0.082352 seconds 
========================================================================
Received Import Request.
  Time since last request: 1.733692 seconds.
  path: Assets/Prefabs/Props/Rug/SM_Prop_Rug_02.prefab
  artifactKey: Guid(a8211ff02e023e74fb0e62d4237b6170) Importer(815301076,1909f56bfc062723c751e8b465ee728b)
Start importing Assets/Prefabs/Props/Rug/SM_Prop_Rug_02.prefab using Guid(a8211ff02e023e74fb0e62d4237b6170) Importer(815301076,1909f56bfc062723c751e8b465ee728b)  -> (artifact id: '0a7f420db98288e9d7917b73059e64fd') in 0.078591 seconds 
========================================================================
Received Import Request.
  Time since last request: 190.535619 seconds.
  path: Assets/Prefabs/Props/New Folder
  artifactKey: Guid(aedcba1d64351e446bae03a3194f785a) Importer(815301076,1909f56bfc062723c751e8b465ee728b)
Start importing Assets/Prefabs/Props/New Folder using Guid(aedcba1d64351e446bae03a3194f785a) Importer(815301076,1909f56bfc062723c751e8b465ee728b)  -> (artifact id: '34088d7d697bdf7656cff3eff0c98fde') in 0.005196 seconds 
========================================================================
Received Import Request.
  Time since last request: 10.410364 seconds.
  path: Assets/Prefabs/Props/PoolBall
  artifactKey: Guid(aedcba1d64351e446bae03a3194f785a) Importer(815301076,1909f56bfc062723c751e8b465ee728b)
Start importing Assets/Prefabs/Props/PoolBall using Guid(aedcba1d64351e446bae03a3194f785a) Importer(815301076,1909f56bfc062723c751e8b465ee728b)  -> (artifact id: '4dc911f531b7ebc6063e11e2bd84ea1f') in 0.005782 seconds 
========================================================================
Received Import Request.
  Time since last request: 12.150643 seconds.
  path: Assets/Prefabs/Props/PoolBall/SM_Prop_PoolBall_04.prefab
  artifactKey: Guid(eda9c9c244263654fb673c09ed958af3) Importer(815301076,1909f56bfc062723c751e8b465ee728b)
Start importing Assets/Prefabs/Props/PoolBall/SM_Prop_PoolBall_04.prefab using Guid(eda9c9c244263654fb673c09ed958af3) Importer(815301076,1909f56bfc062723c751e8b465ee728b)  -> (artifact id: '4589181022fc7c8d150c306943149db1') in 0.227930 seconds 
========================================================================
Received Import Request.
  Time since last request: 2.000353 seconds.
  path: Assets/Prefabs/Props/PoolBall/SM_Prop_PoolBall_04.prefab
  artifactKey: Guid(eda9c9c244263654fb673c09ed958af3) Importer(815301076,1909f56bfc062723c751e8b465ee728b)
Start importing Assets/Prefabs/Props/PoolBall/SM_Prop_PoolBall_04.prefab using Guid(eda9c9c244263654fb673c09ed958af3) Importer(815301076,1909f56bfc062723c751e8b465ee728b)  -> (artifact id: '974f431d7d6b5a764ac3ab8ef31b15c2') in 0.142227 seconds 
========================================================================
Received Import Request.
  Time since last request: 0.454917 seconds.
  path: Assets/Prefabs/Props/PoolBall/SM_Prop_PoolBall_04.prefab
  artifactKey: Guid(eda9c9c244263654fb673c09ed958af3) Importer(815301076,1909f56bfc062723c751e8b465ee728b)
Start importing Assets/Prefabs/Props/PoolBall/SM_Prop_PoolBall_04.prefab using Guid(eda9c9c244263654fb673c09ed958af3) Importer(815301076,1909f56bfc062723c751e8b465ee728b)  -> (artifact id: 'e04f548d3e04dbe62f57a91f055fb0f6') in 0.127959 seconds 
========================================================================
Received Import Request.
  Time since last request: 1.490031 seconds.
  path: Assets/Prefabs/Props/PoolBall/SM_Prop_PoolBall_04.prefab
  artifactKey: Guid(eda9c9c244263654fb673c09ed958af3) Importer(815301076,1909f56bfc062723c751e8b465ee728b)
Start importing Assets/Prefabs/Props/PoolBall/SM_Prop_PoolBall_04.prefab using Guid(eda9c9c244263654fb673c09ed958af3) Importer(815301076,1909f56bfc062723c751e8b465ee728b)  -> (artifact id: '5a66f10a48eea0b03468d3156e87dbf2') in 0.161080 seconds 
========================================================================
Received Import Request.
  Time since last request: 0.424742 seconds.
  path: Assets/Prefabs/Props/PoolBall/SM_Prop_PoolBall_04.prefab
  artifactKey: Guid(eda9c9c244263654fb673c09ed958af3) Importer(815301076,1909f56bfc062723c751e8b465ee728b)
Start importing Assets/Prefabs/Props/PoolBall/SM_Prop_PoolBall_04.prefab using Guid(eda9c9c244263654fb673c09ed958af3) Importer(815301076,1909f56bfc062723c751e8b465ee728b)  -> (artifact id: '8d861689276827a66f8b8a948bd41f16') in 0.149468 seconds 
========================================================================
Received Import Request.
  Time since last request: 1.283822 seconds.
  path: Assets/Prefabs/Props/PoolBall/SM_Prop_PoolBall_04.prefab
  artifactKey: Guid(eda9c9c244263654fb673c09ed958af3) Importer(815301076,1909f56bfc062723c751e8b465ee728b)
Start importing Assets/Prefabs/Props/PoolBall/SM_Prop_PoolBall_04.prefab using Guid(eda9c9c244263654fb673c09ed958af3) Importer(815301076,1909f56bfc062723c751e8b465ee728b)  -> (artifact id: '537ad22fd9e075198821aa0b16980858') in 0.141447 seconds 
========================================================================
Received Import Request.
  Time since last request: 12.726328 seconds.
  path: Assets/PolygonOffice/Prefabs/Props/Desk Props/SM_Prop_PuzzleCube_01.prefab
  artifactKey: Guid(9ae86463748b88b43bf387c7ceb93c78) Importer(815301076,1909f56bfc062723c751e8b465ee728b)
Start importing Assets/PolygonOffice/Prefabs/Props/Desk Props/SM_Prop_PuzzleCube_01.prefab using Guid(9ae86463748b88b43bf387c7ceb93c78) Importer(815301076,1909f56bfc062723c751e8b465ee728b)  -> (artifact id: 'eef8c792148f03ecf543045aee6fd06f') in 0.205951 seconds 
========================================================================
Received Import Request.
  Time since last request: 68.321219 seconds.
  path: Assets/PolygonOffice/Prefabs/Props/Misc/SM_Prop_Party_Hat_03.prefab
  artifactKey: Guid(3bacea967c1f8c446b9a8f7f39321957) Importer(815301076,1909f56bfc062723c751e8b465ee728b)
Start importing Assets/PolygonOffice/Prefabs/Props/Misc/SM_Prop_Party_Hat_03.prefab using Guid(3bacea967c1f8c446b9a8f7f39321957) Importer(815301076,1909f56bfc062723c751e8b465ee728b)  -> (artifact id: '7fb363f7c9227472b74aecaf95bf1d31') in 0.246620 seconds 
========================================================================
Received Import Request.
  Time since last request: 6.224624 seconds.
  path: Assets/PolygonOffice/Prefabs/Props/Misc/SM_Prop_Party_Hat_02.prefab
  artifactKey: Guid(f7444c0c779a12641829b231e3e3d567) Importer(815301076,1909f56bfc062723c751e8b465ee728b)
Start importing Assets/PolygonOffice/Prefabs/Props/Misc/SM_Prop_Party_Hat_02.prefab using Guid(f7444c0c779a12641829b231e3e3d567) Importer(815301076,1909f56bfc062723c751e8b465ee728b)  -> (artifact id: '05ed2033df2bcb1c7a6fa59fec615d15') in 0.210104 seconds 
========================================================================
Received Import Request.
  Time since last request: 6.060502 seconds.
  path: Assets/PolygonOffice/Prefabs/Props/Misc/SM_Prop_Party_Hat_01.prefab
  artifactKey: Guid(a3195f48bd2d2634494fcdc222874549) Importer(815301076,1909f56bfc062723c751e8b465ee728b)
Start importing Assets/PolygonOffice/Prefabs/Props/Misc/SM_Prop_Party_Hat_01.prefab using Guid(a3195f48bd2d2634494fcdc222874549) Importer(815301076,1909f56bfc062723c751e8b465ee728b)  -> (artifact id: '6cf2196ebe165dd2e9ff90fb2e1b978a') in 0.280797 seconds 
========================================================================
Received Import Request.
  Time since last request: 26.542249 seconds.
  path: Assets/Prefabs/Props/Phone/New Folder
  artifactKey: Guid(d4694a93274f5424886cd8e99e97c2e8) Importer(815301076,1909f56bfc062723c751e8b465ee728b)
Start importing Assets/Prefabs/Props/Phone/New Folder using Guid(d4694a93274f5424886cd8e99e97c2e8) Importer(815301076,1909f56bfc062723c751e8b465ee728b)  -> (artifact id: 'd2662b9a4245d3f2da3711cf6ea6ce5b') in 0.001619 seconds 
========================================================================
Received Import Request.
  Time since last request: 21.440300 seconds.
  path: Assets/Prefabs/Props/Party
  artifactKey: Guid(c1108f25193991e459c45e191d992488) Importer(815301076,1909f56bfc062723c751e8b465ee728b)
Start importing Assets/Prefabs/Props/Party using Guid(c1108f25193991e459c45e191d992488) Importer(815301076,1909f56bfc062723c751e8b465ee728b)  -> (artifact id: 'd99bf316f2adb67bfdee156839e387fa') in 0.005717 seconds 
========================================================================
Received Import Request.
  Time since last request: 14.542768 seconds.
  path: Assets/Prefabs/Props/Party/SM_Prop_Party_Hat_01.prefab
  artifactKey: Guid(b7dc8d1696d53724ab9a2838a6fd9939) Importer(815301076,1909f56bfc062723c751e8b465ee728b)
Start importing Assets/Prefabs/Props/Party/SM_Prop_Party_Hat_01.prefab using Guid(b7dc8d1696d53724ab9a2838a6fd9939) Importer(815301076,1909f56bfc062723c751e8b465ee728b)  -> (artifact id: 'dff0a8f95a00824396432b17716d6485') in 0.247771 seconds 
========================================================================
Received Import Request.
  Time since last request: 1.769747 seconds.
  path: Assets/Prefabs/Props/Party/SM_Prop_Party_Hat_01.prefab
  artifactKey: Guid(b7dc8d1696d53724ab9a2838a6fd9939) Importer(815301076,1909f56bfc062723c751e8b465ee728b)
Start importing Assets/Prefabs/Props/Party/SM_Prop_Party_Hat_01.prefab using Guid(b7dc8d1696d53724ab9a2838a6fd9939) Importer(815301076,1909f56bfc062723c751e8b465ee728b)  -> (artifact id: 'a309e6e3dfda7435879ec241578ead95') in 0.170361 seconds 
========================================================================
Received Import Request.
  Time since last request: 0.225879 seconds.
  path: Assets/Prefabs/Props/Party/SM_Prop_Party_Hat_01.prefab
  artifactKey: Guid(b7dc8d1696d53724ab9a2838a6fd9939) Importer(815301076,1909f56bfc062723c751e8b465ee728b)
Start importing Assets/Prefabs/Props/Party/SM_Prop_Party_Hat_01.prefab using Guid(b7dc8d1696d53724ab9a2838a6fd9939) Importer(815301076,1909f56bfc062723c751e8b465ee728b)  -> (artifact id: '2b70d8dc9acf2291e29d8b845295e5a8') in 0.148277 seconds 
========================================================================
Received Import Request.
  Time since last request: 0.255489 seconds.
  path: Assets/Prefabs/Props/Party/SM_Prop_Party_Hat_01.prefab
  artifactKey: Guid(b7dc8d1696d53724ab9a2838a6fd9939) Importer(815301076,1909f56bfc062723c751e8b465ee728b)
Start importing Assets/Prefabs/Props/Party/SM_Prop_Party_Hat_01.prefab using Guid(b7dc8d1696d53724ab9a2838a6fd9939) Importer(815301076,1909f56bfc062723c751e8b465ee728b)  -> (artifact id: '192fd9197a481911d8c165253c01d7d4') in 0.128923 seconds 
========================================================================
Received Import Request.
  Time since last request: 0.700344 seconds.
  path: Assets/Prefabs/Props/Party/SM_Prop_Party_Hat_01.prefab
  artifactKey: Guid(b7dc8d1696d53724ab9a2838a6fd9939) Importer(815301076,1909f56bfc062723c751e8b465ee728b)
Start importing Assets/Prefabs/Props/Party/SM_Prop_Party_Hat_01.prefab using Guid(b7dc8d1696d53724ab9a2838a6fd9939) Importer(815301076,1909f56bfc062723c751e8b465ee728b)  -> (artifact id: '27b733bdbe4fa8be3ec5cd2bb0d9af76') in 0.114378 seconds 
========================================================================
Received Import Request.
  Time since last request: 0.278530 seconds.
  path: Assets/Prefabs/Props/Party/SM_Prop_Party_Hat_01.prefab
  artifactKey: Guid(b7dc8d1696d53724ab9a2838a6fd9939) Importer(815301076,1909f56bfc062723c751e8b465ee728b)
Start importing Assets/Prefabs/Props/Party/SM_Prop_Party_Hat_01.prefab using Guid(b7dc8d1696d53724ab9a2838a6fd9939) Importer(815301076,1909f56bfc062723c751e8b465ee728b)  -> (artifact id: 'be3b36c8bb359d9946e6b16e8b5ff921') in 0.202583 seconds 
========================================================================
Received Import Request.
  Time since last request: 1.202307 seconds.
  path: Assets/Prefabs/Props/Party/SM_Prop_Party_Hat_01.prefab
  artifactKey: Guid(b7dc8d1696d53724ab9a2838a6fd9939) Importer(815301076,1909f56bfc062723c751e8b465ee728b)
Start importing Assets/Prefabs/Props/Party/SM_Prop_Party_Hat_01.prefab using Guid(b7dc8d1696d53724ab9a2838a6fd9939) Importer(815301076,1909f56bfc062723c751e8b465ee728b)  -> (artifact id: '0168433baa406a663ae970277edc58a5') in 0.131055 seconds 
========================================================================
Received Import Request.
  Time since last request: 9.993375 seconds.
  path: Assets/Prefabs/Props/Party/SM_Prop_Party_Hat_03.prefab
  artifactKey: Guid(4695cba83cd1bec409378f825f044bc2) Importer(815301076,1909f56bfc062723c751e8b465ee728b)
Start importing Assets/Prefabs/Props/Party/SM_Prop_Party_Hat_03.prefab using Guid(4695cba83cd1bec409378f825f044bc2) Importer(815301076,1909f56bfc062723c751e8b465ee728b)  -> (artifact id: 'e6410dce1a5592b4c50674adec818fb9') in 0.184171 seconds 
========================================================================
Received Import Request.
  Time since last request: 3.214220 seconds.
  path: Assets/Prefabs/Props/Party/SM_Prop_Party_Hat_03.prefab
  artifactKey: Guid(4695cba83cd1bec409378f825f044bc2) Importer(815301076,1909f56bfc062723c751e8b465ee728b)
Start importing Assets/Prefabs/Props/Party/SM_Prop_Party_Hat_03.prefab using Guid(4695cba83cd1bec409378f825f044bc2) Importer(815301076,1909f56bfc062723c751e8b465ee728b)  -> (artifact id: 'e890734ae2020b75462ccb3dd1c61271') in 0.161581 seconds 
========================================================================
Received Import Request.
  Time since last request: 0.052042 seconds.
  path: Assets/Prefabs/Props/Party/SM_Prop_Party_Hat_03.prefab
  artifactKey: Guid(4695cba83cd1bec409378f825f044bc2) Importer(815301076,1909f56bfc062723c751e8b465ee728b)
Start importing Assets/Prefabs/Props/Party/SM_Prop_Party_Hat_03.prefab using Guid(4695cba83cd1bec409378f825f044bc2) Importer(815301076,1909f56bfc062723c751e8b465ee728b)  -> (artifact id: '091c3e0dae198c6349c3e0b883b7117a') in 0.126394 seconds 
========================================================================
Received Import Request.
  Time since last request: 0.478436 seconds.
  path: Assets/Prefabs/Props/Party/SM_Prop_Party_Hat_03.prefab
  artifactKey: Guid(4695cba83cd1bec409378f825f044bc2) Importer(815301076,1909f56bfc062723c751e8b465ee728b)
Start importing Assets/Prefabs/Props/Party/SM_Prop_Party_Hat_03.prefab using Guid(4695cba83cd1bec409378f825f044bc2) Importer(815301076,1909f56bfc062723c751e8b465ee728b)  -> (artifact id: 'e92214926ecc781897092c20570eddaf') in 0.125137 seconds 
========================================================================
Received Import Request.
  Time since last request: 1.778389 seconds.
  path: Assets/Prefabs/Props/Party/SM_Prop_Party_Hat_03.prefab
  artifactKey: Guid(4695cba83cd1bec409378f825f044bc2) Importer(815301076,1909f56bfc062723c751e8b465ee728b)
Start importing Assets/Prefabs/Props/Party/SM_Prop_Party_Hat_03.prefab using Guid(4695cba83cd1bec409378f825f044bc2) Importer(815301076,1909f56bfc062723c751e8b465ee728b)  -> (artifact id: '63aa8ea0571bc99056153aac122725e2') in 0.118896 seconds 
========================================================================
Received Import Request.
  Time since last request: 125.797650 seconds.
  path: Assets/PolygonOffice/Models/SM_Prop_Socket_Floor_01.fbx
  artifactKey: Guid(758d90c24d96fb145b5cb557f51ba148) Importer(815301076,1909f56bfc062723c751e8b465ee728b)
Start importing Assets/PolygonOffice/Models/SM_Prop_Socket_Floor_01.fbx using Guid(758d90c24d96fb145b5cb557f51ba148) Importer(815301076,1909f56bfc062723c751e8b465ee728b)  -> (artifact id: '91f0c95285c6e3db73e4403630025067') in 0.103175 seconds 
========================================================================
Received Import Request.
  Time since last request: 0.000029 seconds.
  path: Assets/PolygonOffice/Prefabs/Props/Wall Props/SM_Prop_Socket_Wall_01.prefab
  artifactKey: Guid(47535cc663c8dd3469fee978050be3f4) Importer(815301076,1909f56bfc062723c751e8b465ee728b)
Start importing Assets/PolygonOffice/Prefabs/Props/Wall Props/SM_Prop_Socket_Wall_01.prefab using Guid(47535cc663c8dd3469fee978050be3f4) Importer(815301076,1909f56bfc062723c751e8b465ee728b)  -> (artifact id: '627a19bbf0e06affed636e1ee10c3821') in 0.224905 seconds 
========================================================================
Received Import Request.
  Time since last request: 0.000060 seconds.
  path: Assets/PolygonOffice/Models/SM_Prop_Socket_Wall_02.fbx
  artifactKey: Guid(19b4e6647ab8d7b45903a51d8f8f8908) Importer(815301076,1909f56bfc062723c751e8b465ee728b)
Start importing Assets/PolygonOffice/Models/SM_Prop_Socket_Wall_02.fbx using Guid(19b4e6647ab8d7b45903a51d8f8f8908) Importer(815301076,1909f56bfc062723c751e8b465ee728b)  -> (artifact id: '725dfcac9b58bc027eb597894973005b') in 0.037747 seconds 
========================================================================
Received Import Request.
  Time since last request: 0.000032 seconds.
  path: Assets/PolygonOffice/Models/SM_Prop_Socket_Switch_01_Convex.asset
  artifactKey: Guid(13f038292e318ff4fbdcf10550080eb2) Importer(815301076,1909f56bfc062723c751e8b465ee728b)
Start importing Assets/PolygonOffice/Models/SM_Prop_Socket_Switch_01_Convex.asset using Guid(13f038292e318ff4fbdcf10550080eb2) Importer(815301076,1909f56bfc062723c751e8b465ee728b)  -> (artifact id: 'e7d84cd56dcc1c9da7b01640de17045c') in 0.022861 seconds 
========================================================================
Received Import Request.
  Time since last request: 0.000041 seconds.
  path: Assets/PolygonOffice/Models/SM_Prop_Socket_Wall_01.fbx
  artifactKey: Guid(446d3b56315cafd46b190e509fa3d23e) Importer(815301076,1909f56bfc062723c751e8b465ee728b)
Start importing Assets/PolygonOffice/Models/SM_Prop_Socket_Wall_01.fbx using Guid(446d3b56315cafd46b190e509fa3d23e) Importer(815301076,1909f56bfc062723c751e8b465ee728b)  -> (artifact id: 'cc2e71964de8f4ef4dd0c6a729393efb') in 0.028725 seconds 
========================================================================
Received Import Request.
  Time since last request: 0.000037 seconds.
  path: Assets/PolygonOffice/Prefabs/Props/Wall Props/SM_Prop_Socket_Switch_01.prefab
  artifactKey: Guid(fdfb9caedb76de945869ccf8157e4122) Importer(815301076,1909f56bfc062723c751e8b465ee728b)
Start importing Assets/PolygonOffice/Prefabs/Props/Wall Props/SM_Prop_Socket_Switch_01.prefab using Guid(fdfb9caedb76de945869ccf8157e4122) Importer(815301076,1909f56bfc062723c751e8b465ee728b)  -> (artifact id: '4a6f2d45084f358fc45f61d60a5c332c') in 0.169474 seconds 
========================================================================
Received Import Request.
  Time since last request: 0.000041 seconds.
  path: Assets/PolygonOffice/Models/SM_Prop_Socket_Switch_01.fbx
  artifactKey: Guid(8670c115b981cfc4fb7482ee23de92df) Importer(815301076,1909f56bfc062723c751e8b465ee728b)
Start importing Assets/PolygonOffice/Models/SM_Prop_Socket_Switch_01.fbx using Guid(8670c115b981cfc4fb7482ee23de92df) Importer(815301076,1909f56bfc062723c751e8b465ee728b)  -> (artifact id: 'b147f944816b83d9f49e4a954afef272') in 0.022872 seconds 
========================================================================
Received Import Request.
  Time since last request: 0.000050 seconds.
  path: Assets/PolygonOffice/Models/SM_Prop_Socket_Wall_02_Convex.asset
  artifactKey: Guid(c43acaa384da4f64ca2cfc9ca0d7a561) Importer(815301076,1909f56bfc062723c751e8b465ee728b)
Start importing Assets/PolygonOffice/Models/SM_Prop_Socket_Wall_02_Convex.asset using Guid(c43acaa384da4f64ca2cfc9ca0d7a561) Importer(815301076,1909f56bfc062723c751e8b465ee728b)  -> (artifact id: 'b4f750ce84ef6062cfd0074e2855b297') in 0.012662 seconds 
========================================================================
Received Import Request.
  Time since last request: 0.000027 seconds.
  path: Assets/Prefabs/Props/Switch/SM_Prop_Socket_Switch_01.prefab
  artifactKey: Guid(77f27408793a3e1419b773e882951402) Importer(815301076,1909f56bfc062723c751e8b465ee728b)
Start importing Assets/Prefabs/Props/Switch/SM_Prop_Socket_Switch_01.prefab using Guid(77f27408793a3e1419b773e882951402) Importer(815301076,1909f56bfc062723c751e8b465ee728b)  -> (artifact id: '61fd64fe8b9db8c78f6dfa7ad877be50') in 0.279635 seconds 
========================================================================
Received Import Request.
  Time since last request: 25.501663 seconds.
  path: Assets/PolygonOffice/Prefabs/Props/Desk Props/SM_Prop_Can_Soda_01.prefab
  artifactKey: Guid(ad3312bde6cb4f04bb625819a6a83483) Importer(815301076,1909f56bfc062723c751e8b465ee728b)
Start importing Assets/PolygonOffice/Prefabs/Props/Desk Props/SM_Prop_Can_Soda_01.prefab using Guid(ad3312bde6cb4f04bb625819a6a83483) Importer(815301076,1909f56bfc062723c751e8b465ee728b)  -> (artifact id: 'd77faa10d81b8182c99535a52377ab16') in 0.174702 seconds 
========================================================================
Received Import Request.
  Time since last request: 0.000031 seconds.
  path: Assets/PolygonOffice/Models/SM_Prop_Console_PlayBox_01_Convex.asset
  artifactKey: Guid(8a6ee7f53d55e6c4c8d1e291d3621781) Importer(815301076,1909f56bfc062723c751e8b465ee728b)
Start importing Assets/PolygonOffice/Models/SM_Prop_Console_PlayBox_01_Convex.asset using Guid(8a6ee7f53d55e6c4c8d1e291d3621781) Importer(815301076,1909f56bfc062723c751e8b465ee728b)  -> (artifact id: '3e1198ac1e2731ff0d89629d9ed6ae78') in 0.028682 seconds 
========================================================================
Received Import Request.
  Time since last request: 0.000040 seconds.
  path: Assets/PolygonOffice/Models/SM_Prop_Soap_Dispenser_01.fbx
  artifactKey: Guid(f956b2b46f267404aa716af3a0fed55f) Importer(815301076,1909f56bfc062723c751e8b465ee728b)
Start importing Assets/PolygonOffice/Models/SM_Prop_Soap_Dispenser_01.fbx using Guid(f956b2b46f267404aa716af3a0fed55f) Importer(815301076,1909f56bfc062723c751e8b465ee728b)  -> (artifact id: '853204c6843beb5e2362776bbdb56aa8') in 0.017864 seconds 
========================================================================
Received Import Request.
  Time since last request: 0.000028 seconds.
  path: Assets/PolygonOffice/Models/SM_Prop_Scissors_01.fbx
  artifactKey: Guid(78c65f8b2dcdfe044a9b95228eb3e6de) Importer(815301076,1909f56bfc062723c751e8b465ee728b)
Start importing Assets/PolygonOffice/Models/SM_Prop_Scissors_01.fbx using Guid(78c65f8b2dcdfe044a9b95228eb3e6de) Importer(815301076,1909f56bfc062723c751e8b465ee728b)  -> (artifact id: '3cbe5a2d8685963aaf5ac3a5d77fa2ea') in 0.034637 seconds 
========================================================================
Received Import Request.
  Time since last request: 0.000030 seconds.
  path: Assets/PolygonOffice/Models/SM_Prop_Console_PlayBox_01.fbx
  artifactKey: Guid(eb6b610f6986d964c896daf369ff1b98) Importer(815301076,1909f56bfc062723c751e8b465ee728b)
Start importing Assets/PolygonOffice/Models/SM_Prop_Console_PlayBox_01.fbx using Guid(eb6b610f6986d964c896daf369ff1b98) Importer(815301076,1909f56bfc062723c751e8b465ee728b)  -> (artifact id: '269d007f24f5d401ad8eaf62695602aa') in 0.020169 seconds 
========================================================================
Received Import Request.
  Time since last request: 0.000034 seconds.
  path: Assets/PolygonOffice/Models/SM_Prop_Console_MegaCube_01.fbx
  artifactKey: Guid(5994f6b3a5c0e5f4a97bc0a26c29363a) Importer(815301076,1909f56bfc062723c751e8b465ee728b)
Start importing Assets/PolygonOffice/Models/SM_Prop_Console_MegaCube_01.fbx using Guid(5994f6b3a5c0e5f4a97bc0a26c29363a) Importer(815301076,1909f56bfc062723c751e8b465ee728b)  -> (artifact id: '6dff10dff0b79f09212fb9c1c784586d') in 0.051602 seconds 
========================================================================
Received Import Request.
  Time since last request: 0.000040 seconds.
  path: Assets/PolygonOffice/Prefabs/Props/Desk Props/SM_Prop_Scissors_01.prefab
  artifactKey: Guid(8186e41a32284704298989d0cb0622b6) Importer(815301076,1909f56bfc062723c751e8b465ee728b)
Start importing Assets/PolygonOffice/Prefabs/Props/Desk Props/SM_Prop_Scissors_01.prefab using Guid(8186e41a32284704298989d0cb0622b6) Importer(815301076,1909f56bfc062723c751e8b465ee728b)  -> (artifact id: 'e76e64ba822653099f981968a6a513fe') in 0.306092 seconds 
Editor requested this worker to shutdown with reason: Scaling down because of idle timeout
AssetImportWorker is now disconnected from the server
Process exiting
Exiting without the bug reporter. Application will terminate with return code 0